0 info it worked if it ends with ok
1 verbose cli [ '/usr/local/Cellar/node/5.0.0/bin/node',
1 verbose cli   '/usr/local/bin/npm',
1 verbose cli   'install',
1 verbose cli   '--global',
1 verbose cli   'bal',
1 verbose cli   'foundation-cli' ]
2 info using npm@3.3.9
3 info using node@v5.0.0
4 silly loadCurrentTree Starting
5 silly install loadCurrentTree
6 silly install readGlobalPackageData
7 silly fetchPackageMetaData bal
8 silly fetchPackageMetaData foundation-cli
9 silly fetchNamedPackageData bal
10 silly mapToRegistry name bal
11 silly mapToRegistry using default registry
12 silly mapToRegistry registry https://registry.npmjs.org/
13 silly mapToRegistry uri https://registry.npmjs.org/bal
14 silly fetchNamedPackageData foundation-cli
15 silly mapToRegistry name foundation-cli
16 silly mapToRegistry using default registry
17 silly mapToRegistry registry https://registry.npmjs.org/
18 silly mapToRegistry uri https://registry.npmjs.org/foundation-cli
19 verbose request uri https://registry.npmjs.org/bal
20 verbose request no auth needed
21 info attempt registry request try #1 at 10:53:24 AM
22 verbose request id ea5726119f04ec10
23 http request GET https://registry.npmjs.org/bal
24 verbose request uri https://registry.npmjs.org/foundation-cli
25 verbose request no auth needed
26 info attempt registry request try #1 at 10:53:24 AM
27 http request GET https://registry.npmjs.org/foundation-cli
28 http 404 https://registry.npmjs.org/bal
29 verbose headers { 'content-type': 'application/json',
29 verbose headers   'cache-control': 'max-age=0',
29 verbose headers   'content-length': '2',
29 verbose headers   'accept-ranges': 'bytes',
29 verbose headers   date: 'Sat, 28 Nov 2015 03:53:26 GMT',
29 verbose headers   via: '1.1 varnish',
29 verbose headers   age: '0',
29 verbose headers   connection: 'keep-alive',
29 verbose headers   'x-served-by': 'cache-hkg6824-HKG',
29 verbose headers   'x-cache': 'MISS',
29 verbose headers   'x-cache-hits': '0',
29 verbose headers   'x-timer': 'S1448682805.208231,VS0,VE1348' }
30 silly get cb [ 404,
30 silly get   { 'content-type': 'application/json',
30 silly get     'cache-control': 'max-age=0',
30 silly get     'content-length': '2',
30 silly get     'accept-ranges': 'bytes',
30 silly get     date: 'Sat, 28 Nov 2015 03:53:26 GMT',
30 silly get     via: '1.1 varnish',
30 silly get     age: '0',
30 silly get     connection: 'keep-alive',
30 silly get     'x-served-by': 'cache-hkg6824-HKG',
30 silly get     'x-cache': 'MISS',
30 silly get     'x-cache-hits': '0',
30 silly get     'x-timer': 'S1448682805.208231,VS0,VE1348' } ]
31 silly fetchPackageMetaData Error: Registry returned 404 for GET on https://registry.npmjs.org/bal
31 silly fetchPackageMetaData     at makeError (/usr/local/lib/node_modules/npm/node_modules/npm-registry-client/lib/request.js:264:12)
31 silly fetchPackageMetaData     at CachingRegistryClient.<anonymous> (/usr/local/lib/node_modules/npm/node_modules/npm-registry-client/lib/request.js:242:14)
31 silly fetchPackageMetaData     at Request._callback (/usr/local/lib/node_modules/npm/node_modules/npm-registry-client/lib/request.js:172:14)
31 silly fetchPackageMetaData     at Request.self.callback (/usr/local/lib/node_modules/npm/node_modules/request/request.js:198:22)
31 silly fetchPackageMetaData     at emitTwo (events.js:87:13)
31 silly fetchPackageMetaData     at Request.emit (events.js:172:7)
31 silly fetchPackageMetaData     at Request.<anonymous> (/usr/local/lib/node_modules/npm/node_modules/request/request.js:1082:10)
31 silly fetchPackageMetaData     at emitOne (events.js:82:20)
31 silly fetchPackageMetaData     at Request.emit (events.js:169:7)
31 silly fetchPackageMetaData     at IncomingMessage.<anonymous> (/usr/local/lib/node_modules/npm/node_modules/request/request.js:1009:12)
31 silly fetchPackageMetaData  error for bal { [Error: Registry returned 404 for GET on https://registry.npmjs.org/bal] pkgid: 'bal', statusCode: 404, code: 'E404' }
32 http 200 https://registry.npmjs.org/foundation-cli
33 verbose headers { server: 'CouchDB/1.5.0 (Erlang OTP/R16B03)',
33 verbose headers   etag: '"29LVU0NI70PSTWN5SX0U3S9GJ"',
33 verbose headers   'content-type': 'application/json',
33 verbose headers   'cache-control': 'max-age=60',
33 verbose headers   'content-length': '23179',
33 verbose headers   'accept-ranges': 'bytes',
33 verbose headers   date: 'Sat, 28 Nov 2015 03:53:27 GMT',
33 verbose headers   via: '1.1 varnish',
33 verbose headers   age: '0',
33 verbose headers   connection: 'keep-alive',
33 verbose headers   'x-served-by': 'cache-hkg6826-HKG',
33 verbose headers   'x-cache': 'MISS',
33 verbose headers   'x-cache-hits': '0',
33 verbose headers   'x-timer': 'S1448682805.185809,VS0,VE2263',
33 verbose headers   vary: 'Accept' }
34 silly get cb [ 200,
34 silly get   { server: 'CouchDB/1.5.0 (Erlang OTP/R16B03)',
34 silly get     etag: '"29LVU0NI70PSTWN5SX0U3S9GJ"',
34 silly get     'content-type': 'application/json',
34 silly get     'cache-control': 'max-age=60',
34 silly get     'content-length': '23179',
34 silly get     'accept-ranges': 'bytes',
34 silly get     date: 'Sat, 28 Nov 2015 03:53:27 GMT',
34 silly get     via: '1.1 varnish',
34 silly get     age: '0',
34 silly get     connection: 'keep-alive',
34 silly get     'x-served-by': 'cache-hkg6826-HKG',
34 silly get     'x-cache': 'MISS',
34 silly get     'x-cache-hits': '0',
34 silly get     'x-timer': 'S1448682805.185809,VS0,VE2263',
34 silly get     vary: 'Accept' } ]
35 verbose get saving foundation-cli to /Users/souris/.npm/registry.npmjs.org/foundation-cli/.cache.json
36 silly rollbackFailedOptional Starting
37 silly rollbackFailedOptional Finishing
38 silly runTopLevelLifecycles Starting
39 silly runTopLevelLifecycles Finishing
40 silly install printInstalled
41 verbose stack Error: Registry returned 404 for GET on https://registry.npmjs.org/bal
41 verbose stack     at makeError (/usr/local/lib/node_modules/npm/node_modules/npm-registry-client/lib/request.js:264:12)
41 verbose stack     at CachingRegistryClient.<anonymous> (/usr/local/lib/node_modules/npm/node_modules/npm-registry-client/lib/request.js:242:14)
41 verbose stack     at Request._callback (/usr/local/lib/node_modules/npm/node_modules/npm-registry-client/lib/request.js:172:14)
41 verbose stack     at Request.self.callback (/usr/local/lib/node_modules/npm/node_modules/request/request.js:198:22)
41 verbose stack     at emitTwo (events.js:87:13)
41 verbose stack     at Request.emit (events.js:172:7)
41 verbose stack     at Request.<anonymous> (/usr/local/lib/node_modules/npm/node_modules/request/request.js:1082:10)
41 verbose stack     at emitOne (events.js:82:20)
41 verbose stack     at Request.emit (events.js:169:7)
41 verbose stack     at IncomingMessage.<anonymous> (/usr/local/lib/node_modules/npm/node_modules/request/request.js:1009:12)
42 verbose statusCode 404
43 verbose pkgid bal
44 verbose cwd /Users/souris/Sites/souris/project/Master
45 error Darwin 15.0.0
46 error argv "/usr/local/Cellar/node/5.0.0/bin/node" "/usr/local/bin/npm" "install" "--global" "bal" "foundation-cli"
47 error node v5.0.0
48 error npm  v3.3.9
49 error code E404
50 error 404 Registry returned 404 for GET on https://registry.npmjs.org/bal
50 error 404
50 error 404 'bal' is not in the npm registry.
50 error 404 You should bug the author to publish it (or use the name yourself!)
50 error 404
50 error 404 Note that you can also install from a
50 error 404 tarball, folder, http url, or git url.
51 verbose exit [ 1, true ]
